# JRE version: OpenJDK Runtime Environment JBR-11.0.11.9-1504.13-jcef (11.0.11+9) (build 11.0.11+9-b1504.13)
# Java VM: OpenJDK 64-Bit Server VM JBR-11.0.11.9-1504.13-jcef (11.0.11+9-b1504.13, mixed mode, tiered, compressed oops, g1 gc, windows-amd64)
Heap:
 garbage-first heap   total 626688K, used 382550K [0x0000000602e00000, 0x0000000800000000)
  region size 2048K, 182 young (372736K), 11 survivors (22528K)
 Metaspace       used 65459K, capacity 67553K, committed 67760K, reserved 1107968K
  class space    used 8584K, capacity 9364K, committed 9472K, reserved 1048576K
GC Heap History (17 events):
Event: 0.976 GC heap before
{Heap before GC invocations=0 (full 0):
 garbage-first heap   total 522240K, used 24576K [0x0000000602e00000, 0x0000000800000000)
  region size 2048K, 12 young (24576K), 0 survivors (0K)
 Metaspace       used 10299K, capacity 10428K, committed 10624K, reserved 1058816K
  class space    used 1015K, capacity 1074K, committed 1152K, reserved 1048576K
}
Event: 0.982 GC heap after
{Heap after GC invocations=1 (full 0):
 garbage-first heap   total 522240K, used 6587K [0x0000000602e00000, 0x0000000800000000)
  region size 2048K, 2 young (4096K), 2 survivors (4096K)
 Metaspace       used 10299K, capacity 10428K, committed 10624K, reserved 1058816K
  class space    used 1015K, capacity 1074K, committed 1152K, reserved 1048576K
}
Event: 2.253 GC heap before
{Heap before GC invocations=1 (full 0):
 garbage-first heap   total 522240K, used 106939K [0x0000000602e00000, 0x0000000800000000)
  region size 2048K, 53 young (108544K), 2 survivors (4096K)
 Metaspace       used 20586K, capacity 21158K, committed 21296K, reserved 1069056K
  class space    used 2377K, capacity 2607K, committed 2688K, reserved 1048576K
}
Event: 2.268 GC heap after
{Heap after GC invocations=2 (full 0):
 garbage-first heap   total 522240K, used 9736K [0x0000000602e00000, 0x0000000800000000)
  region size 2048K, 4 young (8192K), 4 survivors (8192K)
 Metaspace       used 20586K, capacity 21158K, committed 21296K, reserved 1069056K
  class space    used 2377K, capacity 2607K, committed 2688K, reserved 1048576K
}
Event: 2.772 GC heap before
{Heap before GC invocations=3 (full 0):
 garbage-first heap   total 522240K, used 110088K [0x0000000602e00000, 0x0000000800000000)
  region size 2048K, 54 young (110592K), 4 survivors (8192K)
 Metaspace       used 22060K, capacity 22761K, committed 23088K, reserved 1069056K
  class space    used 2584K, capacity 2843K, committed 2944K, reserved 1048576K
}
Event: 2.781 GC heap after
{Heap after GC invocations=4 (full 0):
 garbage-first heap   total 522240K, used 11281K [0x0000000602e00000, 0x0000000800000000)
  region size 2048K, 5 young (10240K), 5 survivors (10240K)
 Metaspace       used 22060K, capacity 22761K, committed 23088K, reserved 1069056K
  class space    used 2584K, capacity 2843K, committed 2944K, reserved 1048576K
}
Event: 3.121 GC heap before
{Heap before GC invocations=4 (full 0):
 garbage-first heap   total 522240K, used 134161K [0x0000000602e00000, 0x0000000800000000)
  region size 2048K, 65 young (133120K), 5 survivors (10240K)
 Metaspace       used 22320K, capacity 23039K, committed 23344K, reserved 1069056K
  class space    used 2628K, capacity 2888K, committed 2944K, reserved 1048576K
}
Event: 3.131 GC heap after
{Heap after GC invocations=5 (full 0):
 garbage-first heap   total 522240K, used 11955K [0x0000000602e00000, 0x0000000800000000)
  region size 2048K, 5 young (10240K), 5 survivors (10240K)
 Metaspace       used 22320K, capacity 23039K, committed 23344K, reserved 1069056K
  class space    used 2628K, capacity 2888K, committed 2944K, reserved 1048576K
}
Event: 5.982 GC heap before
{Heap before GC invocations=5 (full 0):
 garbage-first heap   total 522240K, used 224947K [0x0000000602e00000, 0x0000000800000000)
  region size 2048K, 111 young (227328K), 5 survivors (10240K)
 Metaspace       used 34608K, capacity 35761K, committed 35888K, reserved 1081344K
  class space    used 4279K, capacity 4733K, committed 4736K, reserved 1048576K
}
Event: 6.024 GC heap after
{Heap after GC invocations=6 (full 0):
 garbage-first heap   total 626688K, used 17838K [0x0000000602e00000, 0x0000000800000000)
  region size 2048K, 8 young (16384K), 8 survivors (16384K)
 Metaspace       used 34608K, capacity 35761K, committed 35888K, reserved 1081344K
  class space    used 4279K, capacity 4733K, committed 4736K, reserved 1048576K
}
Event: 29.757 GC heap before
{Heap before GC invocations=7 (full 0):
 garbage-first heap   total 626688K, used 300462K [0x0000000602e00000, 0x0000000800000000)
  region size 2048K, 147 young (301056K), 8 survivors (16384K)
 Metaspace       used 57872K, capacity 59476K, committed 59568K, reserved 1101824K
  class space    used 7550K, capacity 8169K, committed 8192K, reserved 1048576K
}
Event: 29.787 GC heap after
{Heap after GC invocations=8 (full 0):
 garbage-first heap   total 626688K, used 26468K [0x0000000602e00000, 0x0000000800000000)
  region size 2048K, 12 young (24576K), 12 survivors (24576K)
 Metaspace       used 57872K, capacity 59476K, committed 59568K, reserved 1101824K
  class space    used 7550K, capacity 8169K, committed 8192K, reserved 1048576K
}
Event: 29.864 GC heap before
{Heap before GC invocations=8 (full 0):
 garbage-first heap   total 626688K, used 34660K [0x0000000602e00000, 0x0000000800000000)
  region size 2048K, 17 young (34816K), 12 survivors (24576K)
 Metaspace       used 58182K, capacity 59782K, committed 59952K, reserved 1101824K
  class space    used 7581K, capacity 8205K, committed 8320K, reserved 1048576K
}
Event: 29.915 GC heap after
{Heap after GC invocations=9 (full 0):
 garbage-first heap   total 626688K, used 28026K [0x0000000602e00000, 0x0000000800000000)
  region size 2048K, 13 young (26624K), 13 survivors (26624K)
 Metaspace       used 58182K, capacity 59782K, committed 59952K, reserved 1101824K
  class space    used 7581K, capacity 8205K, committed 8320K, reserved 1048576K
}
Event: 58.805 GC heap before
{Heap before GC invocations=10 (full 0):
 garbage-first heap   total 626688K, used 304506K [0x0000000602e00000, 0x0000000800000000)
  region size 2048K, 148 young (303104K), 13 survivors (26624K)
 Metaspace       used 65083K, capacity 67125K, committed 67376K, reserved 1107968K
  class space    used 8525K, capacity 9329K, committed 9344K, reserved 1048576K
}
Event: 58.838 GC heap after
{Heap after GC invocations=11 (full 0):
 garbage-first heap   total 626688K, used 32342K [0x0000000602e00000, 0x0000000800000000)
  region size 2048K, 12 young (24576K), 12 survivors (24576K)
 Metaspace       used 65083K, capacity 67125K, committed 67376K, reserved 1107968K
  class space    used 8525K, capacity 9329K, committed 9344K, reserved 1048576K
}
Event: 824.065 GC heap before
{Heap before GC invocations=11 (full 0):
 garbage-first heap   total 626688K, used 382550K [0x0000000602e00000, 0x0000000800000000)
  region size 2048K, 183 young (374784K), 12 survivors (24576K)
 Metaspace       used 65459K, capacity 67553K, committed 67760K, reserved 1107968K
  class space    used 8584K, capacity 9364K, committed 9472K, reserved 1048576K
}

